<?xml version="1.0" encoding="UTF-8"?>
<!-- Generated by org.testng.reporters.JUnitXMLReporter -->
<testsuite ignored="0" hostname="LAPTOP-BH9IM1PN" failures="1" tests="12" name="Test" time="25.11" errors="0" timestamp="2023-08-03T11:04:57 IST">
  <testcase classname="b68TakingscreenshotsforFailedTestsusingListeners.cSearch" name="serachwithEmptyProduct" time="0.012"/>
  <testcase classname="b68TakingscreenshotsforFailedTestsusingListeners.cSearch" name="serachwithInvalidProduct" time="0.003"/>
  <testcase classname="b68TakingscreenshotsforFailedTestsusingListeners.cSearch" name="serachwithValidProduct" time="0.004"/>
  <testcase classname="b68TakingscreenshotsforFailedTestsusingListeners.aLogin" name="validIdandvalidPassswordCredentials" time="1.525">
    <failure type="org.openqa.selenium.NoSuchElementException" message="no such element: Unable to locate element: {&amp;quot;method&amp;quot;:&amp;quot;xpath&amp;quot;,&amp;quot;selector&amp;quot;:&amp;quot;//a[text()=&amp;apos;Edit your account information abcd&amp;apos;]&amp;quot;}
  (Session info: chrome=115.0.5790.111)
For documentation on this error, please visit: https://www.seleniumhq.org/exceptions/no_such_element.html
Build info: version: &amp;apos;3.141.59&amp;apos;, revision: &amp;apos;e82be7d358&amp;apos;, time: &amp;apos;2018-11-14T08:17:03&amp;apos;
System info: host: &amp;apos;LAPTOP-BH9IM1PN&amp;apos;, ip: &amp;apos;192.168.0.108&amp;apos;, os.name: &amp;apos;Windows 11&amp;apos;, os.arch: &amp;apos;amd64&amp;apos;, os.version: &amp;apos;10.0&amp;apos;, java.version: &amp;apos;17.0.4.1&amp;apos;
Driver info: org.openqa.selenium.chrome.ChromeDriver
Capabilities {acceptInsecureCerts: false, browserName: chrome, browserVersion: 115.0.5790.111, chrome: {chromedriverVersion: 115.0.5790.102 (90efd4b0ad6..., userDataDir: C:\Users\Asus\AppData\Local...}, goog:chromeOptions: {debuggerAddress: localhost:52194}, javascriptEnabled: true, networkConnectionEnabled: false, pageLoadStrategy: normal, platform: WINDOWS, platformName: WINDOWS, proxy: Proxy(), setWindowRect: true, strictFileInteractability: false, timeouts: {implicit: 0, pageLoad: 300000, script: 30000}, unhandledPromptBehavior: dismiss and notify, webauthn:extension:credBlob: true, webauthn:extension:largeBlob: true, webauthn:extension:minPinLength: true, webauthn:extension:prf: true, webauthn:virtualAuthenticators: true}
Session ID: 235e30e430e3decc382c00a2f8142bdd
*** Element info: {Using=xpath, value=//a[text()=&amp;apos;Edit your account information abcd&amp;apos;]}">
      <![CDATA[org.openqa.selenium.NoSuchElementException: no such element: Unable to locate element: {"method":"xpath","selector":"//a[text()='Edit your account information abcd']"}
  (Session info: chrome=115.0.5790.111)
For documentation on this error, please visit: https://www.seleniumhq.org/exceptions/no_such_element.html
Build info: version: '3.141.59', revision: 'e82be7d358', time: '2018-11-14T08:17:03'
System info: host: 'LAPTOP-BH9IM1PN', ip: '192.168.0.108', os.name: 'Windows 11', os.arch: 'amd64', os.version: '10.0', java.version: '17.0.4.1'
Driver info: org.openqa.selenium.chrome.ChromeDriver
Capabilities {acceptInsecureCerts: false, browserName: chrome, browserVersion: 115.0.5790.111, chrome: {chromedriverVersion: 115.0.5790.102 (90efd4b0ad6..., userDataDir: C:\Users\Asus\AppData\Local...}, goog:chromeOptions: {debuggerAddress: localhost:52194}, javascriptEnabled: true, networkConnectionEnabled: false, pageLoadStrategy: normal, platform: WINDOWS, platformName: WINDOWS, proxy: Proxy(), setWindowRect: true, strictFileInteractability: false, timeouts: {implicit: 0, pageLoad: 300000, script: 30000}, unhandledPromptBehavior: dismiss and notify, webauthn:extension:credBlob: true, webauthn:extension:largeBlob: true, webauthn:extension:minPinLength: true, webauthn:extension:prf: true, webauthn:virtualAuthenticators: true}
Session ID: 235e30e430e3decc382c00a2f8142bdd
*** Element info: {Using=xpath, value=//a[text()='Edit your account information abcd']}
at org.openqa.selenium.remote.http.W3CHttpResponseCodec.createException(W3CHttpResponseCodec.java:187)
at org.openqa.selenium.remote.http.W3CHttpResponseCodec.decode(W3CHttpResponseCodec.java:122)
at org.openqa.selenium.remote.http.W3CHttpResponseCodec.decode(W3CHttpResponseCodec.java:49)
at org.openqa.selenium.remote.HttpCommandExecutor.execute(HttpCommandExecutor.java:158)
at org.openqa.selenium.remote.service.DriverCommandExecutor.execute(DriverCommandExecutor.java:83)
at org.openqa.selenium.remote.RemoteWebDriver.execute(RemoteWebDriver.java:552)
at org.openqa.selenium.remote.RemoteWebDriver.findElement(RemoteWebDriver.java:323)
at org.openqa.selenium.remote.RemoteWebDriver.findElementByXPath(RemoteWebDriver.java:428)
at org.openqa.selenium.By$ByXPath.findElement(By.java:353)
at org.openqa.selenium.remote.RemoteWebDriver.findElement(RemoteWebDriver.java:315)
at b68TakingscreenshotsforFailedTestsusingListeners.aLogin.validIdandvalidPassswordCredentials(aLogin.java:87)
at java.base/java.util.ArrayList.forEach(ArrayList.java:1511)
... Removed 32 stack frames]]>
    </failure>
  </testcase> <!-- validIdandvalidPassswordCredentials -->
  <testcase classname="b68TakingscreenshotsforFailedTestsusingListeners.aLogin" name="InvalidIdandInvalidPassswordCredentials" time="1.454"/>
  <testcase classname="b68TakingscreenshotsforFailedTestsusingListeners.aLogin" name="validIdandInvalidPassswordCredentials" time="1.45"/>
  <testcase classname="b68TakingscreenshotsforFailedTestsusingListeners.aLogin" name="EmptyIdandEmptyPassswordCredentials" time="1.338"/>
  <testcase classname="b68TakingscreenshotsforFailedTestsusingListeners.aLogin" name="InvalidIdandvalidPassswordCredentials" time="1.401"/>
  <testcase classname="b68TakingscreenshotsforFailedTestsusingListeners.bRegister" name="registerwithAllfields" time="0.002"/>
  <testcase classname="b68TakingscreenshotsforFailedTestsusingListeners.bRegister" name="registerwithAnyfields" time="0.002"/>
  <testcase classname="b68TakingscreenshotsforFailedTestsusingListeners.bRegister" name="registerwithDuplicatefields" time="0.002"/>
  <testcase classname="b68TakingscreenshotsforFailedTestsusingListeners.bRegister" name="registerwithMandatoryfields" time="0.001"/>
</testsuite> <!-- Test -->
